2026-03-05 18:01:36,220 - carbon_crawler - INFO - ============================================================
2026-03-05 18:01:36,220 - carbon_crawler - INFO - 碳市场价格爬虫开始运行
2026-03-05 18:01:36,220 - carbon_crawler - INFO - ============================================================
2026-03-05 18:01:36,220 - carbon_crawler - INFO - 正在获取页面: https://www.ccn.ac.cn/cets
2026-03-05 18:01:36,509 - carbon_crawler - INFO - 成功获取页面，状态码: 200
2026-03-05 18:01:36,512 - carbon_crawler - INFO - 已保存页面到: debug\page_20260305_180136.html
2026-03-05 18:01:36,529 - carbon_crawler - INFO - 找到相关meta描述: 本栏目联系邮箱：i@cceex.com 全国碳市场综合价格行情（CEA）（2026年3月5日） 开盘（元/吨） 最高（元/吨） 最低…...
2026-03-05 18:01:36,530 - carbon_crawler - INFO - 从meta描述中提取到价格数据
2026-03-05 18:01:36,530 - carbon_crawler - INFO - 
============================================================
2026-03-05 18:01:36,530 - carbon_crawler - INFO - 成功提取碳价格数据:
2026-03-05 18:01:36,530 - carbon_crawler - INFO - ============================================================
2026-03-05 18:01:36,530 - carbon_crawler - INFO -   date: 2026年3月5日
2026-03-05 18:01:36,530 - carbon_crawler - INFO -   source: 全国碳市场综合价格行情(CEA)
2026-03-05 18:01:36,530 - carbon_crawler - INFO -   unit: 元/吨
2026-03-05 18:01:36,530 - carbon_crawler - INFO -   note: 价格数据可能不完整，建议查看页面详情
2026-03-05 18:01:36,530 - carbon_crawler - INFO - 
数据已保存到: carbon_prices_20260305_180136.json
2026-03-05 19:44:38,314 - carbon_crawler - INFO - ============================================================
2026-03-05 19:44:38,315 - carbon_crawler - INFO - 碳市场价格爬虫开始运行
2026-03-05 19:44:38,315 - carbon_crawler - INFO - ============================================================
2026-03-05 19:44:38,315 - carbon_crawler - INFO - 正在获取页面: https://www.ccn.ac.cn/cets
2026-03-05 19:44:38,632 - carbon_crawler - INFO - 成功获取页面，状态码: 200
2026-03-05 19:44:38,634 - carbon_crawler - INFO - 已保存页面到: debug\page_20260305_194438.html
2026-03-05 19:44:38,644 - carbon_crawler - INFO - 找到相关meta描述: 本栏目联系邮箱：i@cceex.com 全国碳市场综合价格行情（CEA）（2026年3月5日） 开盘（元/吨） 最高（元/吨） 最低…...
2026-03-05 19:44:38,645 - carbon_crawler - INFO - 从meta描述中提取到价格数据
2026-03-05 19:44:38,645 - carbon_crawler - INFO - 
============================================================
2026-03-05 19:44:38,645 - carbon_crawler - INFO - 成功提取碳价格数据:
2026-03-05 19:44:38,645 - carbon_crawler - INFO - ============================================================
2026-03-05 19:44:38,645 - carbon_crawler - INFO -   date: 2026年3月5日
2026-03-05 19:44:38,645 - carbon_crawler - INFO -   source: 全国碳市场综合价格行情(CEA)
2026-03-05 19:44:38,645 - carbon_crawler - INFO -   unit: 元/吨
2026-03-05 19:44:38,645 - carbon_crawler - INFO -   note: 价格数据可能不完整，建议查看页面详情
2026-03-05 19:44:38,646 - carbon_crawler - INFO - 
数据已保存到: carbon_prices_20260305_194438.json
2026-03-05 19:50:35,588 - carbon_crawler - INFO - ============================================================
2026-03-05 19:50:35,588 - carbon_crawler - INFO - 碳市场价格爬虫开始运行
2026-03-05 19:50:35,589 - carbon_crawler - INFO - ============================================================
2026-03-05 19:50:35,589 - carbon_crawler - INFO - 正在获取页面: https://www.ccn.ac.cn/cets
2026-03-05 19:50:35,910 - carbon_crawler - INFO - 成功获取页面，状态码: 200
2026-03-05 19:50:35,912 - carbon_crawler - INFO - 已保存页面到: debug\page_20260305_195035.html
2026-03-05 19:50:35,922 - carbon_crawler - INFO - 找到相关meta描述: 本栏目联系邮箱：i@cceex.com 全国碳市场综合价格行情（CEA）（2026年3月5日） 开盘（元/吨） 最高（元/吨） 最低…...
2026-03-05 19:50:35,922 - carbon_crawler - INFO - 从meta描述中提取到价格数据
2026-03-05 19:50:35,922 - carbon_crawler - INFO - 
============================================================
2026-03-05 19:50:35,922 - carbon_crawler - INFO - 成功提取碳价格数据:
2026-03-05 19:50:35,922 - carbon_crawler - INFO - ============================================================
2026-03-05 19:50:35,922 - carbon_crawler - INFO -   date: 2026年3月5日
2026-03-05 19:50:35,922 - carbon_crawler - INFO -   source: 全国碳市场综合价格行情(CEA)
2026-03-05 19:50:35,922 - carbon_crawler - INFO -   unit: 元/吨
2026-03-05 19:50:35,922 - carbon_crawler - INFO -   note: 价格数据可能不完整，建议查看页面详情
2026-03-05 19:50:35,923 - carbon_crawler - INFO - 
数据已保存到: carbon_prices_20260305_195035.json
