2026-03-05 18:08:36,687 - carbon_crawler_final - INFO - ============================================================
2026-03-05 18:08:36,687 - carbon_crawler_final - INFO - 最终版碳市场价格爬虫开始运行
2026-03-05 18:08:36,687 - carbon_crawler_final - INFO - ============================================================
2026-03-05 18:08:36,687 - carbon_crawler_final - INFO - 正在获取页面: https://www.ccn.ac.cn/cets
2026-03-05 18:08:37,027 - carbon_crawler_final - INFO - 成功获取页面，状态码: 200
2026-03-05 18:08:37,029 - carbon_crawler_final - INFO - 已保存页面到: debug_final\page_20260305_180837.html
2026-03-05 18:08:37,040 - carbon_crawler_final - INFO - 找到CEA价格div: 全国碳市场本栏目联系邮箱：i@cceex.com首页审定核查与认证碳排放权交易自愿减排交易全国碳排放权交易温室气体自愿减排交易全国碳市场综合价格行情（CEA）（2026年3月5日）开盘（元/吨）最高（元/吨）最低（元/吨）收盘（元/吨）涨跌幅（%）83.2083.2080.5081.851.43来源：上海环境能源交易所全国温室气体自愿减排交易行情（2026年3月5日）成交量（吨）成交额（元）均价（...
2026-03-05 18:08:37,040 - carbon_crawler_final - INFO - 找到数字序列: 83.2083.2080.5081.851.43
2026-03-05 18:08:37,040 - carbon_crawler_final - INFO - 从CEA div中提取到完整价格数据
2026-03-05 18:08:37,040 - carbon_crawler_final - INFO - 
============================================================
2026-03-05 18:08:37,040 - carbon_crawler_final - INFO - 成功提取碳价格数据:
2026-03-05 18:08:37,040 - carbon_crawler_final - INFO - ============================================================
2026-03-05 18:08:37,040 - carbon_crawler_final - INFO -   date: 2026年3月5日
2026-03-05 18:08:37,040 - carbon_crawler_final - INFO -   market: 全国碳市场
2026-03-05 18:08:37,040 - carbon_crawler_final - INFO -   product: CEA (碳排放配额)
2026-03-05 18:08:37,040 - carbon_crawler_final - INFO -   closing_price: 83.2
2026-03-05 18:08:37,040 - carbon_crawler_final - INFO -   highest_price: 83.2
2026-03-05 18:08:37,040 - carbon_crawler_final - INFO -   lowest_price: 80.5
2026-03-05 18:08:37,040 - carbon_crawler_final - INFO -   previous_close: 81.85
2026-03-05 18:08:37,040 - carbon_crawler_final - INFO -   change_percent: 1.43
2026-03-05 18:08:37,040 - carbon_crawler_final - INFO -   unit: 元/吨
2026-03-05 18:08:37,040 - carbon_crawler_final - INFO -   source: 全国碳市场综合价格行情
2026-03-05 18:08:37,040 - carbon_crawler_final - INFO -   data_source: 上海环境能源交易所/全国碳市场
2026-03-05 18:08:37,041 - carbon_crawler_final - INFO -   extraction_method: CEA div解析
2026-03-05 18:08:37,041 - carbon_crawler_final - INFO -   raw_sequence: 83.2083.2080.5081.851.43
2026-03-05 18:08:37,041 - carbon_crawler_final - INFO - 
数据已保存到: carbon_prices_final_20260305_180837.json
2026-03-05 18:14:34,929 - carbon_crawler_final - INFO - ============================================================
2026-03-05 18:14:34,929 - carbon_crawler_final - INFO - 最终版碳市场价格爬虫开始运行
2026-03-05 18:14:34,929 - carbon_crawler_final - INFO - ============================================================
2026-03-05 18:14:34,930 - carbon_crawler_final - INFO - 正在获取页面: https://www.ccn.ac.cn/cets
2026-03-05 18:14:35,259 - carbon_crawler_final - INFO - 成功获取页面，状态码: 200
2026-03-05 18:14:35,263 - carbon_crawler_final - INFO - 已保存页面到: debug_final\page_20260305_181435.html
2026-03-05 18:14:35,290 - carbon_crawler_final - INFO - 找到CEA价格div: 全国碳市场本栏目联系邮箱：i@cceex.com首页审定核查与认证碳排放权交易自愿减排交易全国碳排放权交易温室气体自愿减排交易全国碳市场综合价格行情（CEA）（2026年3月5日）开盘（元/吨）最高（元/吨）最低（元/吨）收盘（元/吨）涨跌幅（%）83.2083.2080.5081.851.43来源：上海环境能源交易所全国温室气体自愿减排交易行情（2026年3月5日）成交量（吨）成交额（元）均价（...
2026-03-05 18:14:35,291 - carbon_crawler_final - INFO - 找到数字序列: 83.2083.2080.5081.851.43
2026-03-05 18:14:35,292 - carbon_crawler_final - INFO - 从CEA div中提取到完整价格数据
2026-03-05 18:14:35,292 - carbon_crawler_final - INFO - 
============================================================
2026-03-05 18:14:35,292 - carbon_crawler_final - INFO - 成功提取碳价格数据:
2026-03-05 18:14:35,293 - carbon_crawler_final - INFO - ============================================================
2026-03-05 18:14:35,293 - carbon_crawler_final - INFO -   date: 2026年3月5日
2026-03-05 18:14:35,293 - carbon_crawler_final - INFO -   market: 全国碳市场
2026-03-05 18:14:35,294 - carbon_crawler_final - INFO -   product: CEA (碳排放配额)
2026-03-05 18:14:35,294 - carbon_crawler_final - INFO -   closing_price: 83.2
2026-03-05 18:14:35,294 - carbon_crawler_final - INFO -   highest_price: 83.2
2026-03-05 18:14:35,294 - carbon_crawler_final - INFO -   lowest_price: 80.5
2026-03-05 18:14:35,294 - carbon_crawler_final - INFO -   previous_close: 81.85
2026-03-05 18:14:35,294 - carbon_crawler_final - INFO -   change_percent: 1.43
2026-03-05 18:14:35,295 - carbon_crawler_final - INFO -   unit: 元/吨
2026-03-05 18:14:35,295 - carbon_crawler_final - INFO -   source: 全国碳市场综合价格行情
2026-03-05 18:14:35,295 - carbon_crawler_final - INFO -   data_source: 上海环境能源交易所/全国碳市场
2026-03-05 18:14:35,295 - carbon_crawler_final - INFO -   extraction_method: CEA div解析
2026-03-05 18:14:35,295 - carbon_crawler_final - INFO -   raw_sequence: 83.2083.2080.5081.851.43
2026-03-05 18:14:35,296 - carbon_crawler_final - INFO - 
数据已保存到: carbon_prices_final_20260305_181435.json
2026-03-05 18:15:17,341 - carbon_crawler_final - INFO - ============================================================
2026-03-05 18:15:17,341 - carbon_crawler_final - INFO - 最终版碳市场价格爬虫开始运行
2026-03-05 18:15:17,341 - carbon_crawler_final - INFO - ============================================================
2026-03-05 18:15:17,341 - carbon_crawler_final - INFO - 正在获取页面: https://www.ccn.ac.cn/cets
2026-03-05 18:15:17,711 - carbon_crawler_final - INFO - 成功获取页面，状态码: 200
2026-03-05 18:15:17,716 - carbon_crawler_final - INFO - 已保存页面到: debug_final\page_20260305_181517.html
2026-03-05 18:15:17,742 - carbon_crawler_final - INFO - 找到CEA价格div: 全国碳市场本栏目联系邮箱：i@cceex.com首页审定核查与认证碳排放权交易自愿减排交易全国碳排放权交易温室气体自愿减排交易全国碳市场综合价格行情（CEA）（2026年3月5日）开盘（元/吨）最高（元/吨）最低（元/吨）收盘（元/吨）涨跌幅（%）83.2083.2080.5081.851.43来源：上海环境能源交易所全国温室气体自愿减排交易行情（2026年3月5日）成交量（吨）成交额（元）均价（...
2026-03-05 18:15:17,742 - carbon_crawler_final - INFO - 找到数字序列: 83.2083.2080.5081.851.43
2026-03-05 18:15:17,743 - carbon_crawler_final - INFO - 从CEA div中提取到完整价格数据
2026-03-05 18:15:17,743 - carbon_crawler_final - INFO - 
============================================================
2026-03-05 18:15:17,743 - carbon_crawler_final - INFO - 成功提取碳价格数据:
2026-03-05 18:15:17,743 - carbon_crawler_final - INFO - ============================================================
2026-03-05 18:15:17,743 - carbon_crawler_final - INFO -   date: 2026年3月5日
2026-03-05 18:15:17,743 - carbon_crawler_final - INFO -   market: 全国碳市场
2026-03-05 18:15:17,744 - carbon_crawler_final - INFO -   product: CEA (碳排放配额)
2026-03-05 18:15:17,744 - carbon_crawler_final - INFO -   closing_price: 83.2
2026-03-05 18:15:17,744 - carbon_crawler_final - INFO -   highest_price: 83.2
2026-03-05 18:15:17,744 - carbon_crawler_final - INFO -   lowest_price: 80.5
2026-03-05 18:15:17,744 - carbon_crawler_final - INFO -   previous_close: 81.85
2026-03-05 18:15:17,744 - carbon_crawler_final - INFO -   change_percent: 1.43
2026-03-05 18:15:17,745 - carbon_crawler_final - INFO -   unit: 元/吨
2026-03-05 18:15:17,745 - carbon_crawler_final - INFO -   source: 全国碳市场综合价格行情
2026-03-05 18:15:17,745 - carbon_crawler_final - INFO -   data_source: 上海环境能源交易所/全国碳市场
2026-03-05 18:15:17,745 - carbon_crawler_final - INFO -   extraction_method: CEA div解析
2026-03-05 18:15:17,745 - carbon_crawler_final - INFO -   raw_sequence: 83.2083.2080.5081.851.43
2026-03-05 18:15:17,746 - carbon_crawler_final - INFO - 
数据已保存到: carbon_prices_final_20260305_181517.json
2026-03-05 19:50:34,968 - carbon_crawler_final - INFO - ============================================================
2026-03-05 19:50:34,970 - carbon_crawler_final - INFO - 最终版碳市场价格爬虫开始运行
2026-03-05 19:50:34,970 - carbon_crawler_final - INFO - ============================================================
2026-03-05 19:50:34,970 - carbon_crawler_final - INFO - 正在获取页面: https://www.ccn.ac.cn/cets
2026-03-05 19:50:35,284 - carbon_crawler_final - INFO - 成功获取页面，状态码: 200
2026-03-05 19:50:35,286 - carbon_crawler_final - INFO - 已保存页面到: debug_final\page_20260305_195035.html
2026-03-05 19:50:35,296 - carbon_crawler_final - INFO - 找到CEA价格div: 全国碳市场本栏目联系邮箱：i@cceex.com首页审定核查与认证碳排放权交易自愿减排交易全国碳排放权交易温室气体自愿减排交易全国碳市场综合价格行情（CEA）（2026年3月5日）开盘（元/吨）最高（元/吨）最低（元/吨）收盘（元/吨）涨跌幅（%）83.2083.2080.5081.851.43来源：上海环境能源交易所全国温室气体自愿减排交易行情（2026年3月5日）成交量（吨）成交额（元）均价（...
2026-03-05 19:50:35,296 - carbon_crawler_final - INFO - 找到数字序列: 83.2083.2080.5081.851.43
2026-03-05 19:50:35,296 - carbon_crawler_final - INFO - 从CEA div中提取到完整价格数据
2026-03-05 19:50:35,297 - carbon_crawler_final - INFO - 
============================================================
2026-03-05 19:50:35,297 - carbon_crawler_final - INFO - 成功提取碳价格数据:
2026-03-05 19:50:35,297 - carbon_crawler_final - INFO - ============================================================
2026-03-05 19:50:35,297 - carbon_crawler_final - INFO -   date: 2026年3月5日
2026-03-05 19:50:35,297 - carbon_crawler_final - INFO -   market: 全国碳市场
2026-03-05 19:50:35,297 - carbon_crawler_final - INFO -   product: CEA (碳排放配额)
2026-03-05 19:50:35,297 - carbon_crawler_final - INFO -   closing_price: 83.2
2026-03-05 19:50:35,297 - carbon_crawler_final - INFO -   highest_price: 83.2
2026-03-05 19:50:35,297 - carbon_crawler_final - INFO -   lowest_price: 80.5
2026-03-05 19:50:35,297 - carbon_crawler_final - INFO -   previous_close: 81.85
2026-03-05 19:50:35,297 - carbon_crawler_final - INFO -   change_percent: 1.43
2026-03-05 19:50:35,297 - carbon_crawler_final - INFO -   unit: 元/吨
2026-03-05 19:50:35,297 - carbon_crawler_final - INFO -   source: 全国碳市场综合价格行情
2026-03-05 19:50:35,297 - carbon_crawler_final - INFO -   data_source: 上海环境能源交易所/全国碳市场
2026-03-05 19:50:35,297 - carbon_crawler_final - INFO -   extraction_method: CEA div解析
2026-03-05 19:50:35,297 - carbon_crawler_final - INFO -   raw_sequence: 83.2083.2080.5081.851.43
2026-03-05 19:50:35,297 - carbon_crawler_final - INFO - 
数据已保存到: carbon_prices_final_20260305_195035.json
2026-03-05 19:59:35,687 - carbon_crawler_final - INFO - ============================================================
2026-03-05 19:59:35,687 - carbon_crawler_final - INFO - 最终版碳市场价格爬虫开始运行
2026-03-05 19:59:35,687 - carbon_crawler_final - INFO - ============================================================
2026-03-05 19:59:35,687 - carbon_crawler_final - INFO - 正在获取页面: https://www.ccn.ac.cn/cets
2026-03-05 19:59:36,125 - carbon_crawler_final - INFO - 成功获取页面，状态码: 200
2026-03-05 19:59:36,127 - carbon_crawler_final - INFO - 已保存页面到: debug_final\page_20260305_195936.html
2026-03-05 19:59:36,139 - carbon_crawler_final - INFO - 找到CEA价格div: 全国碳市场本栏目联系邮箱：i@cceex.com首页审定核查与认证碳排放权交易自愿减排交易全国碳排放权交易温室气体自愿减排交易全国碳市场综合价格行情（CEA）（2026年3月5日）开盘（元/吨）最高（元/吨）最低（元/吨）收盘（元/吨）涨跌幅（%）83.2083.2080.5081.851.43来源：上海环境能源交易所全国温室气体自愿减排交易行情（2026年3月5日）成交量（吨）成交额（元）均价（...
2026-03-05 19:59:36,139 - carbon_crawler_final - INFO - 找到数字序列: 83.2083.2080.5081.851.43
2026-03-05 19:59:36,139 - carbon_crawler_final - INFO - 从CEA div中提取到完整价格数据
2026-03-05 19:59:36,139 - carbon_crawler_final - INFO - 
============================================================
2026-03-05 19:59:36,139 - carbon_crawler_final - INFO - 成功提取碳价格数据:
2026-03-05 19:59:36,139 - carbon_crawler_final - INFO - ============================================================
2026-03-05 19:59:36,139 - carbon_crawler_final - INFO -   date: 2026年3月5日
2026-03-05 19:59:36,139 - carbon_crawler_final - INFO -   market: 全国碳市场
2026-03-05 19:59:36,139 - carbon_crawler_final - INFO -   product: CEA (碳排放配额)
2026-03-05 19:59:36,139 - carbon_crawler_final - INFO -   closing_price: 83.2
2026-03-05 19:59:36,139 - carbon_crawler_final - INFO -   highest_price: 83.2
2026-03-05 19:59:36,139 - carbon_crawler_final - INFO -   lowest_price: 80.5
2026-03-05 19:59:36,140 - carbon_crawler_final - INFO -   previous_close: 81.85
2026-03-05 19:59:36,140 - carbon_crawler_final - INFO -   change_percent: 1.43
2026-03-05 19:59:36,140 - carbon_crawler_final - INFO -   unit: 元/吨
2026-03-05 19:59:36,140 - carbon_crawler_final - INFO -   source: 全国碳市场综合价格行情
2026-03-05 19:59:36,140 - carbon_crawler_final - INFO -   data_source: 上海环境能源交易所/全国碳市场
2026-03-05 19:59:36,140 - carbon_crawler_final - INFO -   extraction_method: CEA div解析
2026-03-05 19:59:36,140 - carbon_crawler_final - INFO -   raw_sequence: 83.2083.2080.5081.851.43
2026-03-05 19:59:36,140 - carbon_crawler_final - INFO - 
数据已保存到: carbon_prices_final_20260305_195936.json
2026-03-06 16:16:10,339 - carbon_crawler_final - INFO - ============================================================
2026-03-06 16:16:10,339 - carbon_crawler_final - INFO - 最终版碳市场价格爬虫开始运行
2026-03-06 16:16:10,343 - carbon_crawler_final - INFO - ============================================================
2026-03-06 16:16:10,343 - carbon_crawler_final - INFO - 正在获取页面: https://www.ccn.ac.cn/cets
2026-03-06 16:16:12,850 - carbon_crawler_final - INFO - 成功获取页面，状态码: 200
2026-03-06 16:16:12,853 - carbon_crawler_final - INFO - 已保存页面到: debug_final\page_20260306_161612.html
2026-03-06 16:16:12,880 - carbon_crawler_final - INFO - 找到CEA价格div: 全国碳市场本栏目联系邮箱：i@cceex.com首页审定核查与认证碳排放权交易自愿减排交易全国碳排放权交易温室气体自愿减排交易全国碳市场综合价格行情（CEA）（2026年3月5日）开盘（元/吨）最高（元/吨）最低（元/吨）收盘（元/吨）涨跌幅（%）83.2083.2080.5081.851.43来源：上海环境能源交易所全国温室气体自愿减排交易行情（2026年3月5日）成交量（吨）成交额（元）均价（...
2026-03-06 16:16:12,883 - carbon_crawler_final - INFO - 找到数字序列: 83.2083.2080.5081.851.43
2026-03-06 16:16:12,883 - carbon_crawler_final - INFO - 从CEA div中提取到完整价格数据
2026-03-06 16:16:12,883 - carbon_crawler_final - INFO - 
============================================================
2026-03-06 16:16:12,883 - carbon_crawler_final - INFO - 成功提取碳价格数据:
2026-03-06 16:16:12,883 - carbon_crawler_final - INFO - ============================================================
2026-03-06 16:16:12,883 - carbon_crawler_final - INFO -   date: 2026年3月5日
2026-03-06 16:16:12,883 - carbon_crawler_final - INFO -   market: 全国碳市场
2026-03-06 16:16:12,883 - carbon_crawler_final - INFO -   product: CEA (碳排放配额)
2026-03-06 16:16:12,883 - carbon_crawler_final - INFO -   closing_price: 83.2
2026-03-06 16:16:12,883 - carbon_crawler_final - INFO -   highest_price: 83.2
2026-03-06 16:16:12,886 - carbon_crawler_final - INFO -   lowest_price: 80.5
2026-03-06 16:16:12,886 - carbon_crawler_final - INFO -   previous_close: 81.85
2026-03-06 16:16:12,886 - carbon_crawler_final - INFO -   change_percent: 1.43
2026-03-06 16:16:12,886 - carbon_crawler_final - INFO -   unit: 元/吨
2026-03-06 16:16:12,886 - carbon_crawler_final - INFO -   source: 全国碳市场综合价格行情
2026-03-06 16:16:12,886 - carbon_crawler_final - INFO -   data_source: 上海环境能源交易所/全国碳市场
2026-03-06 16:16:12,886 - carbon_crawler_final - INFO -   extraction_method: CEA div解析
2026-03-06 16:16:12,886 - carbon_crawler_final - INFO -   raw_sequence: 83.2083.2080.5081.851.43
2026-03-06 16:16:12,889 - carbon_crawler_final - INFO - 
数据已保存到: carbon_prices_final_20260306_161612.json
2026-03-06 16:59:18,385 - carbon_crawler_final - INFO - ============================================================
2026-03-06 16:59:18,386 - carbon_crawler_final - INFO - 最终版碳市场价格爬虫开始运行
2026-03-06 16:59:18,386 - carbon_crawler_final - INFO - ============================================================
2026-03-06 16:59:18,386 - carbon_crawler_final - INFO - 正在获取页面: https://www.ccn.ac.cn/cets
2026-03-06 16:59:20,249 - carbon_crawler_final - INFO - 成功获取页面，状态码: 200
2026-03-06 16:59:20,253 - carbon_crawler_final - INFO - 已保存页面到: debug_final\page_20260306_165920.html
2026-03-06 16:59:20,285 - carbon_crawler_final - INFO - 找到CEA价格div: 全国碳市场本栏目联系邮箱：i@cceex.com首页审定核查与认证碳排放权交易自愿减排交易全国碳排放权交易温室气体自愿减排交易全国碳市场综合价格行情（CEA）（2026年3月5日）开盘（元/吨）最高（元/吨）最低（元/吨）收盘（元/吨）涨跌幅（%）83.2083.2080.5081.851.43来源：上海环境能源交易所全国温室气体自愿减排交易行情（2026年3月5日）成交量（吨）成交额（元）均价（...
2026-03-06 16:59:20,285 - carbon_crawler_final - INFO - 找到数字序列: 83.2083.2080.5081.851.43
2026-03-06 16:59:20,286 - carbon_crawler_final - INFO - 从CEA div中提取到完整价格数据
2026-03-06 16:59:20,286 - carbon_crawler_final - INFO - 
============================================================
2026-03-06 16:59:20,286 - carbon_crawler_final - INFO - 成功提取碳价格数据:
2026-03-06 16:59:20,286 - carbon_crawler_final - INFO - ============================================================
2026-03-06 16:59:20,287 - carbon_crawler_final - INFO -   date: 2026年3月5日
2026-03-06 16:59:20,287 - carbon_crawler_final - INFO -   market: 全国碳市场
2026-03-06 16:59:20,287 - carbon_crawler_final - INFO -   product: CEA (碳排放配额)
2026-03-06 16:59:20,287 - carbon_crawler_final - INFO -   closing_price: 83.2
2026-03-06 16:59:20,287 - carbon_crawler_final - INFO -   highest_price: 83.2
2026-03-06 16:59:20,287 - carbon_crawler_final - INFO -   lowest_price: 80.5
2026-03-06 16:59:20,287 - carbon_crawler_final - INFO -   previous_close: 81.85
2026-03-06 16:59:20,287 - carbon_crawler_final - INFO -   change_percent: 1.43
2026-03-06 16:59:20,287 - carbon_crawler_final - INFO -   unit: 元/吨
2026-03-06 16:59:20,287 - carbon_crawler_final - INFO -   source: 全国碳市场综合价格行情
2026-03-06 16:59:20,288 - carbon_crawler_final - INFO -   data_source: 上海环境能源交易所/全国碳市场
2026-03-06 16:59:20,288 - carbon_crawler_final - INFO -   extraction_method: CEA div解析
2026-03-06 16:59:20,288 - carbon_crawler_final - INFO -   raw_sequence: 83.2083.2080.5081.851.43
2026-03-06 16:59:20,291 - carbon_crawler_final - INFO - 
数据已保存到: carbon_prices_final_20260306_165920.json
